ts.ctpr Note: До користувацьких параметрів додано визначення -dBorland -dVer150 -dDelphi7 -dCompiler6_Up -dPUREPASCAL
 Progress: Знайдено всі файли модулів
ts.ppr(1,12) Note: Після назви модуля додано модифікатор синтаксису MODE Delphi.
 : 
 : *** Перетворення файлів модулів, що належать проєкту/пакунка ***
Main.pas Note: Відновлення включених файлівsettings.inc
Main.pas(1116,56) Note: Виправлений регістр символів модуля "Hex" на "HEX".
Main.pas Note: Модуль "ShellAPI" вилучено з розділу uses.
Main.pas Note: Модуль "jpeg" вилучено з розділу uses.
Main.pas Note: Замінений модуль "Windows" на "LCLIntf,  LCLType,  LMessages" в секції uses.
Main.pas(14740,3) Note: Виклик ShellExecute (0, 'open', PChar (Param), Nil, Nil, SW_SHOWNORMAL); замінено на  OpenDocument(PChar (Param)); { *Перетворено з ShellExecute* }
Main.pas(4934,3) Note: Виклик ShellExecute (0, 'open', PChar (Param), Nil, Nil, SW_SHOWNORMAL); замінено на  OpenDocument(PChar (Param)); { *Перетворено з ShellExecute* }
Tiles.pas Note: Відновлення включених файлівsettings.inc
Tiles.pas(286,5) Note: Виправлений регістр символів модуля "PNGUnit" на "PngUnit".
Tiles.pas Note: Модуль "jpeg" вилучено з розділу uses.
Tiles.pas Note: Замінений модуль "Windows" на "LCLIntf,  LCLType,  LMessages" в секції uses.
About.pas Note: Відновлення включених файлівsettings.inc
About.pas Note: Замінений модуль "Windows" на "LCLIntf,  LCLType,  LMessages" в секції uses.
About.pas Note: Модуль "ShellApi" вилучено з розділу uses.
About.pas(97,3) Note: Виклик ShellExecute (0, 'open', @URL[1], Nil, Nil, SW_SHOWNORMAL); замінено на  OpenDocument(@URL[1]); { *Перетворено з ShellExecute* }
Create.pas Note: Відновлення включених файлівsettings.inc
Create.pas Note: Замінений модуль "Windows" на "LCLIntf,  LCLType,  LMessages" в секції uses.
TileCopy.pas Note: Відновлення включених файлівsettings.inc
TileCopy.pas Note: Замінений модуль "Windows" на "LCLIntf,  LCLType,  LMessages" в секції uses.
MCEdit.pas Note: Відновлення включених файлівsettings.inc
MCEdit.pas(71,3) Note: Виправлений регістр символів модуля "Hex" на "HEX".
MCEdit.pas Note: Замінений модуль "Windows" на "LCLIntf,  LCLType,  LMessages" в секції uses.
CGSettings.pas Note: Відновлення включених файлівsettings.inc
CGSettings.pas Note: Замінений модуль "Windows" на "LCLIntf,  LCLType,  LMessages" в секції uses.
SelectDir.pas Note: Відновлення включених файлівsettings.inc
SelectDir.pas Note: Замінений модуль "Windows" на "LCLIntf,  LCLType,  LMessages" в секції uses.
Export.pas Note: Відновлення включених файлівsettings.inc
Export.pas Note: Замінений модуль "Windows" на "LCLIntf,  LCLType,  LMessages" в секції uses.
Scroll.pas Note: Відновлення включених файлівsettings.inc
Scroll.pas Note: Замінений модуль "Windows" на "LCLIntf,  LCLType,  LMessages" в секції uses.
Calc.pas Note: Відновлення включених файлівsettings.inc
PalMan.pas Note: Відновлення включених файлівsettings.inc
PalMan.pas Note: Замінений модуль "Windows" на "LCLIntf,  LCLType,  LMessages" в секції uses.
ImpPovAni.pas Note: Відновлення включених файлівsettings.inc
ImpPovAni.pas Note: Замінений модуль "Windows" на "LCLIntf,  LCLType,  LMessages" в секції uses.
InfoForm.pas Note: Відновлення включених файлівsettings.inc
InfoForm.pas Note: Замінений модуль "Windows" на "LCLIntf,  LCLType,  LMessages" в секції uses.
ListsForm.pas Note: Відновлення включених файлівsettings.inc
ListsForm.pas Note: Замінений модуль "Windows" на "LCLIntf,  LCLType,  LMessages" в секції uses.
ReplaceColors.pas Note: Замінений модуль "Windows" на "LCLIntf,  LCLType,  LMessages" в секції uses.
ReplaceColors.pas(1,20) Note: Після назви модуля додано модифікатор синтаксису MODE Delphi.
Settings.pas Note: Замінений модуль "Windows" на "LCLIntf,  LCLType,  LMessages" в секції uses.
Settings.pas(1,15) Note: Після назви модуля додано модифікатор синтаксису MODE Delphi.
RGBConvForm.pas Note: Замінений модуль "Windows" на "LCLIntf,  LCLType,  LMessages" в секції uses.
RGBConvForm.pas(1,18) Note: Після назви модуля додано модифікатор синтаксису MODE Delphi.
 : 
 : *** Перетворити файли модулів, знайдені під час перетворення ***
HEX.PAS(1,6) Note: Назву модуля виправлено з Hex на HEX.
HEX.PAS(1,10) Note: Після назви модуля додано модифікатор синтаксису MODE Delphi.
import.pas Note: Відновлення включених файлівsettings.inc
import.pas Note: Замінений модуль "Windows" на "LCLIntf,  LCLType,  LMessages" в секції uses.
Noise.pas(1,12) Note: Після назви модуля додано модифікатор синтаксису MODE Delphi.
PngUnit.pas Note: Замінений модуль "Windows" на "LCLIntf,  LCLType,  LMessages" в секції uses.
PngUnit.pas(23,14) Note: Після назви модуля додано модифікатор синтаксису MODE Delphi.
 : 
 : *** Виправлення використаних модулів і ремонт файлів форм ***
Main.pas Note: Вилучено властивість "Options".
Main.pas Note: Вилучено властивість "Ctl3D".
Main.pas Note: Вилучено властивість "ParentCtl3D".
Main.pas Note: Вилучено властивість "Ctl3D".
Main.pas Note: Вилучено властивість "ThumbLength".
Main.pas Note: Вилучено властивість "ParentCtl3D".
Main.pas Note: Вилучено властивість "Ctl3D".
Main.pas Note: Вилучено властивість "HorzScrollBar.Size".
Main.pas Note: Вилучено властивість "TextHeight".
Main.pas Note: Вилучено властивість "OldCreateOrder".
Main.pas Note: Вилучено властивість "Icon.Data".
Main.pas Note: Змінено координату Top TImage з "5" на "3" у TPanel.
Main.pas Note: Змінено координату Left TImage з "5" на "3" у TPanel.
Main.pas Note: Змінено координату Top TImage з "72" на "70" у TPanel.
Main.pas Note: Змінено координату Left TImage з "24" на "22" у TPanel.
Main.pas Note: Змінено координату Top TImage з "32" на "30" у TPanel.
Main.pas Note: Змінено координату Left TImage з "48" на "46" у TPanel.
Main.pas Note: Змінено координату Top TImage з "8" на "6" у TPanel.
Main.pas Note: Змінено координату Left TImage з "8" на "6" у TPanel.
Main.pas Note: Змінено координату Top TImage з "5" на "3" у TPanel.
Main.pas Note: Змінено координату Left TImage з "5" на "3" у TPanel.
Main.pas Note: Змінено координату Top TPaintBox з "5" на "3" у TPanel.
Main.pas Note: Змінено координату Left TPaintBox з "5" на "3" у TPanel.
Main.pas Note: Змінено координату Top TPanel з "458" на "456" у TPanel.
Main.pas Note: Змінено координату Left TPanel з "0" на "0" у TPanel.
Main.pas Note: Змінено координату Top TSpeedButton з "4" на "2" у TPanel.
Main.pas Note: Змінено координату Left TSpeedButton з "34" на "32" у TPanel.
Main.pas Note: Змінено координату Top TSpeedButton з "34" на "32" у TPanel.
Main.pas Note: Змінено координату Left TSpeedButton з "4" на "2" у TPanel.
Main.pas Note: Змінено координату Top TSpeedButton з "34" на "32" у TPanel.
Main.pas Note: Змінено координату Left TSpeedButton з "34" на "32" у TPanel.
Main.pas Note: Змінено координату Top TSpeedButton з "4" на "2" у TPanel.
Main.pas Note: Змінено координату Left TSpeedButton з "4" на "2" у TPanel.
Main.pas Note: Змінено координату Top TPanel з "286" на "284" у TPanel.
Main.pas Note: Змінено координату Left TPanel з "0" на "0" у TPanel.
Main.pas Note: Змінено координату Top TPaintBox з "3" на "1" у TPanel.
Main.pas Note: Змінено координату Left TPaintBox з "3" на "1" у TPanel.
Main.pas Note: Змінено координату Top TPanel з "8" на "6" у TPanel.
Main.pas Note: Змінено координату Left TPanel з "10" на "8" у TPanel.
Main.pas Note: Змінено координату Top TSpeedButton з "68" на "66" у TPanel.
Main.pas Note: Змінено координату Left TSpeedButton з "10" на "8" у TPanel.
Main.pas Note: Змінено координату Top TPanel з "358" на "356" у TPanel.
Main.pas Note: Змінено координату Left TPanel з "0" на "0" у TPanel.
Main.pas Note: Змінено координату Top TShape з "12" на "10" у TPanel.
Main.pas Note: Змінено координату Left TShape з "6" на "4" у TPanel.
Main.pas Note: Змінено координату Top TPanel з "190" на "188" у TPanel.
Main.pas Note: Змінено координату Left TPanel з "10" на "8" у TPanel.
Main.pas Note: Змінено координату Top TSpeedButton з "154" на "152" у TPanel.
Main.pas Note: Змінено координату Left TSpeedButton з "4" на "2" у TPanel.
Main.pas Note: Змінено координату Top TSpeedButton з "252" на "250" у TPanel.
Main.pas Note: Змінено координату Left TSpeedButton з "34" на "32" у TPanel.
Main.pas Note: Змінено координату Top TSpeedButton з "252" на "250" у TPanel.
Main.pas Note: Змінено координату Left TSpeedButton з "4" на "2" у TPanel.
Main.pas Note: Змінено координату Top TSpeedButton з "222" на "220" у TPanel.
Main.pas Note: Змінено координату Left TSpeedButton з "34" на "32" у TPanel.
Main.pas Note: Змінено координату Top TSpeedButton з "222" на "220" у TPanel.
Main.pas Note: Змінено координату Left TSpeedButton з "4" на "2" у TPanel.
Main.pas Note: Змінено координату Top TSpeedButton з "124" на "122" у TPanel.
Main.pas Note: Змінено координату Left TSpeedButton з "4" на "2" у TPanel.
Main.pas Note: Змінено координату Top TSpeedButton з "124" на "122" у TPanel.
Main.pas Note: Змінено координату Left TSpeedButton з "34" на "32" у TPanel.
Main.pas Note: Змінено координату Top TSpeedButton з "94" на "92" у TPanel.
Main.pas Note: Змінено координату Left TSpeedButton з "34" на "32" у TPanel.
Main.pas Note: Змінено координату Top TSpeedButton з "94" на "92" у TPanel.
Main.pas Note: Змінено координату Left TSpeedButton з "4" на "2" у TPanel.
Main.pas Note: Змінено координату Top TSpeedButton з "4" на "2" у TPanel.
Main.pas Note: Змінено координату Left TSpeedButton з "34" на "32" у TPanel.
Main.pas Note: Змінено координату Top TSpeedButton з "64" на "62" у TPanel.
Main.pas Note: Змінено координату Left TSpeedButton з "4" на "2" у TPanel.
Main.pas Note: Змінено координату Top TSpeedButton з "64" на "62" у TPanel.
Main.pas Note: Змінено координату Left TSpeedButton з "34" на "32" у TPanel.
Main.pas Note: Змінено координату Top TSpeedButton з "34" на "32" у TPanel.
Main.pas Note: Змінено координату Left TSpeedButton з "34" на "32" у TPanel.
Main.pas Note: Змінено координату Top TSpeedButton з "34" на "32" у TPanel.
Main.pas Note: Змінено координату Left TSpeedButton з "4" на "2" у TPanel.
Main.pas Note: Змінено координату Top TSpeedButton з "4" на "2" у TPanel.
Main.pas Note: Змінено координату Left TSpeedButton з "4" на "2" у TPanel.
Main.pas Note: Змінено координату Top TPanel з "0" на "0" у TPanel.
Main.pas Note: Змінено координату Left TPanel з "0" на "0" у TPanel.
Main.pas Note: Змінено координату Top TListBox з "1" на "0" у TPanel.
Main.pas Note: Змінено координату Left TListBox з "1" на "0" у TPanel.
Main.pas Note: Змінено координату Top TSpeedButton з "0" на "0" у TPanel.
Main.pas Note: Змінено координату Left TSpeedButton з "71" на "69" у TPanel.
Main.pas Note: Змінено координату Top TSpeedButton з "0" на "0" у TPanel.
Main.pas Note: Змінено координату Left TSpeedButton з "39" на "37" у TPanel.
Main.pas Note: Змінено координату Top TSpeedButton з "0" на "0" у TPanel.
Main.pas Note: Змінено координату Left TSpeedButton з "8" на "6" у TPanel.
Main.pas Note: Змінено координату Top TPanel з "39" на "37" у TPanel.
Main.pas Note: Змінено координату Left TPanel з "1" на "0" у TPanel.
Main.pas Note: Змінено координату Top TListBox з "1" на "0" у TPanel.
Main.pas Note: Змінено координату Left TListBox з "1" на "0" у TPanel.
Main.pas Note: Змінено координату Top TSpeedButton з "0" на "0" у TPanel.
Main.pas Note: Змінено координату Left TSpeedButton з "32" на "30" у TPanel.
Main.pas Note: Змінено координату Top TSpeedButton з "0" на "0" у TPanel.
Main.pas Note: Змінено координату Left TSpeedButton з "0" на "0" у TPanel.
Main.pas Note: Змінено координату Top TSpeedButton з "0" на "0" у TPanel.
Main.pas Note: Змінено координату Left TSpeedButton з "64" на "62" у TPanel.
Main.pas Note: Змінено координату Top TPanel з "39" на "37" у TPanel.
Main.pas Note: Змінено координату Left TPanel з "1" на "0" у TPanel.
Main.pas Note: Змінено координату Top TPageControl з "278" на "276" у TPanel.
Main.pas Note: Змінено координату Left TPageControl з "0" на "0" у TPanel.
Main.pas Note: Змінено координату Top TTabControl з "412" на "410" у TPanel.
Main.pas Note: Змінено координату Left TTabControl з "0" на "0" у TPanel.
Main.pas Note: Змінено координату Top TTabControl з "363" на "361" у TPanel.
Main.pas Note: Змінено координату Left TTabControl з "0" на "0" у TPanel.
Main.pas Note: Змінено координату Top TImage з "3" на "1" у TPanel.
Main.pas Note: Змінено координату Left TImage з "3" на "1" у TPanel.
Main.pas Note: Змінено координату Top TPanel з "4" на "2" у TPanel.
Main.pas Note: Змінено координату Left TPanel з "72" на "70" у TPanel.
Main.pas Note: Змінено координату Top TImage з "3" на "1" у TPanel.
Main.pas Note: Змінено координату Left TImage з "3" на "1" у TPanel.
Main.pas Note: Змінено координату Top TPanel з "4" на "2" у TPanel.
Main.pas Note: Змінено координату Left TPanel з "40" на "38" у TPanel.
Main.pas Note: Змінено координату Top TImage з "3" на "1" у TPanel.
Main.pas Note: Змінено координату Left TImage з "3" на "1" у TPanel.
Main.pas Note: Змінено координату Top TPanel з "4" на "2" у TPanel.
Main.pas Note: Змінено координату Left TPanel з "8" на "6" у TPanel.
Main.pas Note: Змінено координату Top TSpeedButton з "48" на "46" у TPanel.
Main.pas Note: Змінено координату Left TSpeedButton з "95" на "93" у TPanel.
Main.pas Note: Змінено координату Top TSpeedButton з "48" на "46" у TPanel.
Main.pas Note: Змінено координату Left TSpeedButton з "62" на "60" у TPanel.
Main.pas Note: Змінено координату Top TSpeedButton з "48" на "46" у TPanel.
Main.pas Note: Змінено координату Left TSpeedButton з "29" на "27" у TPanel.
Main.pas Note: Змінено координату Top TSpeedButton з "48" на "46" у TPanel.
Main.pas Note: Змінено координату Left TSpeedButton з "73" на "71" у TPanel.
Main.pas Note: Змінено координату Top TSpeedButton з "48" на "46" у TPanel.
Main.pas Note: Змінено координату Left TSpeedButton з "40" на "38" у TPanel.
Main.pas Note: Змінено координату Top TSpeedButton з "48" на "46" у TPanel.
Main.pas Note: Змінено координату Left TSpeedButton з "7" на "5" у TPanel.
Main.pas Note: Змінено координату Top TSpeedButton з "48" на "46" у TPanel.
Main.pas Note: Змінено координату Left TSpeedButton з "84" на "82" у TPanel.
Main.pas Note: Змінено координату Top TSpeedButton з "48" на "46" у TPanel.
Main.pas Note: Змінено координату Left TSpeedButton з "51" на "49" у TPanel.
Main.pas Note: Змінено координату Top TSpeedButton з "48" на "46" у TPanel.
Main.pas Note: Змінено координату Left TSpeedButton з "18" на "16" у TPanel.
Main.pas Note: Змінено координату Top TPanel з "147" на "145" у TPanel.
Main.pas Note: Змінено координату Left TPanel з "0" на "0" у TPanel.
Main.pas Note: Змінено координату Top TImage з "3" на "1" у TPanel.
Main.pas Note: Змінено координату Left TImage з "3" на "1" у TPanel.
Main.pas Note: Змінено координату Top TPanel з "4" на "2" у TPanel.
Main.pas Note: Змінено координату Left TPanel з "24" на "22" у TPanel.
Main.pas Note: Змінено координату Top TPanel з "97" на "95" у TPanel.
Main.pas Note: Змінено координату Left TPanel з "0" на "0" у TPanel.
Main.pas Note: Змінено координату Top TProgressBar з "2" на "0" у TPanel.
Main.pas Note: Змінено координату Left TProgressBar з "2" на "0" у TPanel.
Main.pas Note: Змінено координату Top TPanel з "481" на "479" у TPanel.
Main.pas Note: Змінено координату Left TPanel з "0" на "0" у TPanel.
Main.pas Note: Змінено координату Top TImage з "5" на "3" у TPanel.
Main.pas Note: Змінено координату Left TImage з "5" на "3" у TPanel.
Main.pas Note: Змінено координату Top TPanel з "65" на "63" у TPanel.
Main.pas Note: Змінено координату Left TPanel з "0" на "0" у TPanel.
Main.pas Note: Змінено координату Top TPaintBox з "5" на "3" у TPanel.
Main.pas Note: Змінено координату Left TPaintBox з "5" на "3" у TPanel.
Main.pas Note: Змінено координату Top TPanel з "0" на "0" у TPanel.
Main.pas Note: Змінено координату Left TPanel з "52" на "50" у TPanel.
Main.pas Note: Змінено координату Top TShape з "5" на "3" у TPanel.
Main.pas Note: Змінено координату Left TShape з "5" на "3" у TPanel.
Main.pas Note: Змінено координату Top TPanel з "0" на "0" у TPanel.
Main.pas Note: Змінено координату Left TPanel з "26" на "24" у TPanel.
Main.pas Note: Змінено координату Top TShape з "5" на "3" у TPanel.
Main.pas Note: Змінено координату Left TShape з "5" на "3" у TPanel.
Main.pas Note: Змінено координату Top TPanel з "0" на "0" у TPanel.
Main.pas Note: Змінено координату Left TPanel з "0" на "0" у TPanel.
Main.pas Note: Змінено координату Top TPanel з "33" на "31" у TPanel.
Main.pas Note: Змінено координату Left TPanel з "0" на "0" у TPanel.
Main.pas Note: Змінено координату Top TPaintBox з "5" на "3" у TPanel.
Main.pas Note: Змінено координату Left TPaintBox з "5" на "3" у TPanel.
Main.pas Note: Змінено координату Top TPanel з "0" на "0" у TPanel.
Main.pas Note: Змінено координату Left TPanel з "0" на "0" у TPanel.
Main.pas Note: Змінено координату Top TStatusBar з "81" на "79" у TPanel.
Main.pas Note: Змінено координату Left TStatusBar з "0" на "0" у TPanel.
Main.pas Note: Змінено координату Top TTabControl з "0" на "0" у TPanel.
Main.pas Note: Змінено координату Left TTabControl з "0" на "0" у TPanel.
About.pas Note: Вилучено властивість "TextHeight".
About.pas Note: Вилучено властивість "OldCreateOrder".
About.pas Note: Вилучено властивість "Icon.Data".
Create.pas Note: Вилучено властивість "TextHeight".
Create.pas Note: Вилучено властивість "OldCreateOrder".
TileCopy.pas Note: Вилучено властивість "TextHeight".
TileCopy.pas Note: Вилучено властивість "OldCreateOrder".
TileCopy.pas Note: Змінено координату Top TCheckBox з "92" на "78" у TGroupBox.
TileCopy.pas Note: Змінено координату Left TCheckBox з "149" на "147" у TGroupBox.
TileCopy.pas Note: Змінено координату Top TCheckBox з "108" на "94" у TGroupBox.
TileCopy.pas Note: Змінено координату Left TCheckBox з "56" на "54" у TGroupBox.
TileCopy.pas Note: Змінено координату Top TCheckBox з "92" на "78" у TGroupBox.
TileCopy.pas Note: Змінено координату Left TCheckBox з "56" на "54" у TGroupBox.
TileCopy.pas Note: Змінено координату Top TCheckBox з "76" на "62" у TGroupBox.
TileCopy.pas Note: Змінено координату Left TCheckBox з "56" на "54" у TGroupBox.
TileCopy.pas Note: Змінено координату Top TSpinEdit з "48" на "34" у TGroupBox.
TileCopy.pas Note: Змінено координату Left TSpinEdit з "184" на "182" у TGroupBox.
TileCopy.pas Note: Змінено координату Top TComboBox з "16" на "2" у TGroupBox.
TileCopy.pas Note: Змінено координату Left TComboBox з "104" на "102" у TGroupBox.
TileCopy.pas Note: Змінено координату Top TLabel з "52" на "38" у TGroupBox.
TileCopy.pas Note: Змінено координату Left TLabel з "8" на "6" у TGroupBox.
TileCopy.pas Note: Змінено координату Top TLabel з "20" на "6" у TGroupBox.
TileCopy.pas Note: Змінено координату Left TLabel з "8" на "6" у TGroupBox.
TileCopy.pas Note: Змінено координату Top TSpinEdit з "72" на "58" у TGroupBox.
TileCopy.pas Note: Змінено координату Left TSpinEdit з "184" на "182" у TGroupBox.
TileCopy.pas Note: Змінено координату Top TSpinEdit з "48" на "34" у TGroupBox.
TileCopy.pas Note: Змінено координату Left TSpinEdit з "184" на "182" у TGroupBox.
TileCopy.pas Note: Змінено координату Top TComboBox з "16" на "2" у TGroupBox.
TileCopy.pas Note: Змінено координату Left TComboBox з "104" на "102" у TGroupBox.
TileCopy.pas Note: Змінено координату Top TLabel з "76" на "62" у TGroupBox.
TileCopy.pas Note: Змінено координату Left TLabel з "8" на "6" у TGroupBox.
TileCopy.pas Note: Змінено координату Top TLabel з "52" на "38" у TGroupBox.
TileCopy.pas Note: Змінено координату Left TLabel з "8" на "6" у TGroupBox.
TileCopy.pas Note: Змінено координату Top TLabel з "20" на "6" у TGroupBox.
TileCopy.pas Note: Змінено координату Left TLabel з "8" на "6" у TGroupBox.
MCEdit.pas Note: Вилучено властивість "TextHeight".
MCEdit.pas Note: Вилучено властивість "OldCreateOrder".
CGSettings.pas Note: Вилучено властивість "TextHeight".
CGSettings.pas Note: Вилучено властивість "OldCreateOrder".
CGSettings.pas Note: Змінено координату Top TCheckBox з "12" на "10" у TPanel.
CGSettings.pas Note: Змінено координату Left TCheckBox з "480" на "478" у TPanel.
CGSettings.pas Note: Змінено координату Top TButton з "8" на "6" у TPanel.
CGSettings.pas Note: Змінено координату Left TButton з "386" на "384" у TPanel.
CGSettings.pas Note: Змінено координату Top TButton з "8" на "6" у TPanel.
CGSettings.pas Note: Змінено координату Left TButton з "306" на "304" у TPanel.
CGSettings.pas Note: Змінено координату Top TComboBox з "10" на "8" у TPanel.
CGSettings.pas Note: Змінено координату Left TComboBox з "104" на "102" у TPanel.
CGSettings.pas Note: Змінено координату Top TLabel з "12" на "10" у TPanel.
CGSettings.pas Note: Змінено координату Left TLabel з "8" на "6" у TPanel.
CGSettings.pas Note: Додано властивість "SimplePanel = False" для TStatusBar.
SelectDir.pas Note: Вилучено властивість "TextHeight".
SelectDir.pas Note: Вилучено властивість "OldCreateOrder".
Export.pas Note: Вилучено властивість "Options".
Export.pas Note: Вилучено властивість "Ctl3D".
Export.pas Note: Вилучено властивість "TextHeight".
Export.pas Note: Вилучено властивість "OldCreateOrder".
Scroll.pas Note: Вилучено властивість "TextHeight".
Scroll.pas Note: Вилучено властивість "OldCreateOrder".
PalMan.pas Note: Вилучено властивість "Options".
PalMan.pas Note: Вилучено властивість "TextHeight".
PalMan.pas Note: Вилучено властивість "OldCreateOrder".
PalMan.pas Note: Змінено координату Top TCheckBox з "56" на "54" у TPanel.
PalMan.pas Note: Змінено координату Left TCheckBox з "192" на "190" у TPanel.
PalMan.pas Note: Змінено координату Top TCheckBox з "40" на "38" у TPanel.
PalMan.pas Note: Змінено координату Left TCheckBox з "192" на "190" у TPanel.
PalMan.pas Note: Змінено координату Top TButton з "40" на "38" у TPanel.
PalMan.pas Note: Змінено координату Left TButton з "90" на "88" у TPanel.
PalMan.pas Note: Змінено координату Top TButton з "88" на "86" у TPanel.
PalMan.pas Note: Змінено координату Left TButton з "290" на "288" у TPanel.
PalMan.pas Note: Змінено координату Top TButton з "40" на "38" у TPanel.
PalMan.pas Note: Змінено координату Left TButton з "10" на "8" у TPanel.
PalMan.pas Note: Змінено координату Top TSpinEdit з "8" на "6" у TPanel.
PalMan.pas Note: Змінено координату Left TSpinEdit з "320" на "318" у TPanel.
PalMan.pas Note: Змінено координату Top TEdit з "8" на "6" у TPanel.
PalMan.pas Note: Змінено координату Left TEdit з "56" на "54" у TPanel.
PalMan.pas Note: Змінено координату Top TSpinEdit з "8" на "6" у TPanel.
PalMan.pas Note: Змінено координату Left TSpinEdit з "208" на "206" у TPanel.
PalMan.pas Note: Змінено координату Top TSpinEdit з "16" на "2" у TGroupBox.
PalMan.pas Note: Змінено координату Left TSpinEdit з "224" на "222" у TGroupBox.
PalMan.pas Note: Змінено координату Top TSpinEdit з "16" на "2" у TGroupBox.
PalMan.pas Note: Змінено координату Left TSpinEdit з "136" на "134" у TGroupBox.
PalMan.pas Note: Змінено координату Top TSpinEdit з "16" на "2" у TGroupBox.
PalMan.pas Note: Змінено координату Left TSpinEdit з "40" на "38" у TGroupBox.
PalMan.pas Note: Змінено координату Top TLabel з "20" на "6" у TGroupBox.
PalMan.pas Note: Змінено координату Left TLabel з "192" на "190" у TGroupBox.
PalMan.pas Note: Змінено координату Top TLabel з "20" на "6" у TGroupBox.
PalMan.pas Note: Змінено координату Left TLabel з "96" на "94" у TGroupBox.
PalMan.pas Note: Змінено координату Top TLabel з "20" на "6" у TGroupBox.
PalMan.pas Note: Змінено координату Left TLabel з "8" на "6" у TGroupBox.
PalMan.pas Note: Змінено координату Top TGroupBox з "72" на "70" у TPanel.
PalMan.pas Note: Змінено координату Left TGroupBox з "8" на "6" у TPanel.
PalMan.pas Note: Змінено координату Top TLabel з "12" на "10" у TPanel.
PalMan.pas Note: Змінено координату Left TLabel з "280" на "278" у TPanel.
PalMan.pas Note: Змінено координату Top TLabel з "12" на "10" у TPanel.
PalMan.pas Note: Змінено координату Left TLabel з "8" на "6" у TPanel.
PalMan.pas Note: Змінено координату Top TLabel з "12" на "10" у TPanel.
PalMan.pas Note: Змінено координату Left TLabel з "176" на "174" у TPanel.
PalMan.pas Note: Змінено координату Top TButton з "8" на "6" у TPanel.
PalMan.pas Note: Змінено координату Left TButton з "234" на "232" у TPanel.
PalMan.pas Note: Змінено координату Top TButton з "8" на "6" у TPanel.
PalMan.pas Note: Змінено координату Left TButton з "162" на "160" у TPanel.
PalMan.pas Note: Змінено координату Top TButton з "8" на "6" у TPanel.
PalMan.pas Note: Змінено координату Left TButton з "90" на "88" у TPanel.
PalMan.pas Note: Змінено координату Top TButton з "8" на "6" у TPanel.
PalMan.pas Note: Змінено координату Left TButton з "304" на "302" у TPanel.
PalMan.pas Note: Змінено координату Top TButton з "8" на "6" у TPanel.
PalMan.pas Note: Змінено координату Left TButton з "18" на "16" у TPanel.
ImpPovAni.pas Note: Вилучено властивість "TextHeight".
ImpPovAni.pas Note: Вилучено властивість "OldCreateOrder".
InfoForm.pas Note: Вилучено властивість "TextHeight".
InfoForm.pas Note: Вилучено властивість "OldCreateOrder".
ListsForm.pas Note: Вилучено властивість "TextHeight".
ListsForm.pas Note: Вилучено властивість "OldCreateOrder".
ReplaceColors.pas Note: Вилучено властивість "Ctl3D".
ReplaceColors.pas Note: Вилучено властивість "TextHeight".
ReplaceColors.pas Note: Вилучено властивість "OldCreateOrder".
ReplaceColors.pas Note: Змінено координату Top TSpinEdit з "104" на "90" у TGroupBox.
ReplaceColors.pas Note: Змінено координату Left TSpinEdit з "128" на "126" у TGroupBox.
ReplaceColors.pas Note: Змінено координату Top TSpinEdit з "128" на "114" у TGroupBox.
ReplaceColors.pas Note: Змінено координату Left TSpinEdit з "128" на "126" у TGroupBox.
ReplaceColors.pas Note: Змінено координату Top TSpinEdit з "152" на "138" у TGroupBox.
ReplaceColors.pas Note: Змінено координату Left TSpinEdit з "128" на "126" у TGroupBox.
ReplaceColors.pas Note: Змінено координату Top TCheckBox з "48" на "34" у TGroupBox.
ReplaceColors.pas Note: Змінено координату Left TCheckBox з "32" на "30" у TGroupBox.
ReplaceColors.pas Note: Змінено координату Top TLabel з "156" на "142" у TGroupBox.
ReplaceColors.pas Note: Змінено координату Left TLabel з "32" на "30" у TGroupBox.
ReplaceColors.pas Note: Змінено координату Top TLabel з "132" на "118" у TGroupBox.
ReplaceColors.pas Note: Змінено координату Left TLabel з "32" на "30" у TGroupBox.
ReplaceColors.pas Note: Змінено координату Top TLabel з "108" на "94" у TGroupBox.
ReplaceColors.pas Note: Змінено координату Left TLabel з "32" на "30" у TGroupBox.
ReplaceColors.pas Note: Змінено координату Top TLabel з "84" на "70" у TGroupBox.
ReplaceColors.pas Note: Змінено координату Left TLabel з "16" на "14" у TGroupBox.
ReplaceColors.pas Note: Змінено координату Top TShape з "45" на "31" у TGroupBox.
ReplaceColors.pas Note: Змінено координату Left TShape з "128" на "126" у TGroupBox.
ReplaceColors.pas Note: Змінено координату Top TShape з "16" на "2" у TGroupBox.
ReplaceColors.pas Note: Змінено координату Left TShape з "128" на "126" у TGroupBox.
ReplaceColors.pas Note: Змінено координату Top TLabel з "20" на "6" у TGroupBox.
ReplaceColors.pas Note: Змінено координату Left TLabel з "16" на "14" у TGroupBox.
ReplaceColors.pas Note: Змінено координату Top TSpinEdit з "152" на "138" у TGroupBox.
ReplaceColors.pas Note: Змінено координату Left TSpinEdit з "128" на "126" у TGroupBox.
ReplaceColors.pas Note: Змінено координату Top TSpinEdit з "104" на "90" у TGroupBox.
ReplaceColors.pas Note: Змінено координату Left TSpinEdit з "128" на "126" у TGroupBox.
ReplaceColors.pas Note: Змінено координату Top TCheckBox з "48" на "34" у TGroupBox.
ReplaceColors.pas Note: Змінено координату Left TCheckBox з "32" на "30" у TGroupBox.
ReplaceColors.pas Note: Змінено координату Top TSpinEdit з "128" на "114" у TGroupBox.
ReplaceColors.pas Note: Змінено координату Left TSpinEdit з "128" на "126" у TGroupBox.
ReplaceColors.pas Note: Змінено координату Top TLabel з "156" на "142" у TGroupBox.
ReplaceColors.pas Note: Змінено координату Left TLabel з "32" на "30" у TGroupBox.
ReplaceColors.pas Note: Змінено координату Top TLabel з "132" на "118" у TGroupBox.
ReplaceColors.pas Note: Змінено координату Left TLabel з "32" на "30" у TGroupBox.
ReplaceColors.pas Note: Змінено координату Top TLabel з "84" на "70" у TGroupBox.
ReplaceColors.pas Note: Змінено координату Left TLabel з "16" на "14" у TGroupBox.
ReplaceColors.pas Note: Змінено координату Top TShape з "45" на "31" у TGroupBox.
ReplaceColors.pas Note: Змінено координату Left TShape з "128" на "126" у TGroupBox.
ReplaceColors.pas Note: Змінено координату Top TShape з "16" на "2" у TGroupBox.
ReplaceColors.pas Note: Змінено координату Left TShape з "128" на "126" у TGroupBox.
ReplaceColors.pas Note: Змінено координату Top TLabel з "108" на "94" у TGroupBox.
ReplaceColors.pas Note: Змінено координату Left TLabel з "32" на "30" у TGroupBox.
ReplaceColors.pas Note: Змінено координату Top TLabel з "20" на "6" у TGroupBox.
ReplaceColors.pas Note: Змінено координату Left TLabel з "16" на "14" у TGroupBox.
Settings.pas Note: Вилучено властивість "TextHeight".
Settings.pas Note: Вилучено властивість "OldCreateOrder".
RGBConvForm.pas Note: Вилучено властивість "TextHeight".
RGBConvForm.pas Note: Вилучено властивість "OldCreateOrder".
import.pas Note: Вилучено властивість "TextHeight".
import.pas Note: Вилучено властивість "OldCreateOrder".
import.pas Note: Змінено координату Top TImage з "1" на "0" у TPanel.
import.pas Note: Змінено координату Left TImage з "1" на "0" у TPanel.
 Progress: Перетворення зайняло: 00:00:20
 : Перетворення готове.